<?xml version="1.0" encoding="UTF-8"?>
<testsuite name="com.hotel.model.room.enums.RoomTypeTest" tests="4" skipped="0" failures="0" errors="0" timestamp="2024-06-25T19:34:46" hostname="MONA2014" time="0.054">
  <properties/>
  <testcase name="[1] SINGLE" classname="com.hotel.model.room.enums.RoomTypeTest" time="0.028"/>
  <testcase name="[2] DOUBLE" classname="com.hotel.model.room.enums.RoomTypeTest" time="0.001"/>
  <testcase name="[1] SINGLE" classname="com.hotel.model.room.enums.RoomTypeTest" time="0.005"/>
  <testcase name="[2] DOUBLE" classname="com.hotel.model.room.enums.RoomTypeTest" time="0.002"/>
  <system-out><![CDATA[]]></system-out>
  <system-err><![CDATA[]]></system-err>
</testsuite>
